2025-04-22 01:47:01|INFO   |overlay.tab_main     : Starting (v1.4.6) (compiled:False) [Windows-11-10.0.26100-SP0] [start|48900]
2025-04-22 01:47:01|INFO   |overlay.tab_main     : New live game (game_id: 176093814 | mode: rm_1v1 | started: 2025-04-22T02:32:48.000Z) [new_game|48900]
2025-04-22 01:50:47|INFO   |overlay.tab_main     : Starting (v1.4.6) (compiled:False) [Windows-11-10.0.26100-SP0] [start|872]
2025-04-22 01:50:47|INFO   |overlay.tab_main     : New live game (game_id: 176093814 | mode: rm_1v1 | started: 2025-04-22T02:32:48.000Z) [new_game|872]
2025-04-22 01:52:09|INFO   |overlay.tab_main     : Starting (v1.4.6) (compiled:False) [Windows-11-10.0.26100-SP0] [start|59964]
2025-04-22 01:52:09|INFO   |overlay.tab_main     : New live game (game_id: 176093814 | mode: rm_1v1 | started: 2025-04-22T02:32:48.000Z) [new_game|59964]
2025-04-22 01:58:06|INFO   |overlay.tab_main     : Starting (v1.4.6) (compiled:False) [Windows-11-10.0.26100-SP0] [start|37988]
2025-04-22 01:58:07|INFO   |overlay.tab_main     : New live game (game_id: 176093814 | mode: rm_1v1 | started: 2025-04-22T02:32:48.000Z) [new_game|37988]
2025-04-22 01:58:18|INFO   |overlay.tab_main     : Starting (v1.4.6) (compiled:False) [Windows-11-10.0.26100-SP0] [start|17020]
2025-04-22 01:58:18|INFO   |overlay.tab_main     : New live game (game_id: 176093814 | mode: rm_1v1 | started: 2025-04-22T02:32:48.000Z) [new_game|17020]
2025-04-22 01:58:29|INFO   |overlay.tab_main     : Starting (v1.4.6) (compiled:False) [Windows-11-10.0.26100-SP0] [start|60812]
2025-04-22 01:58:29|INFO   |overlay.tab_main     : New live game (game_id: 176093814 | mode: rm_1v1 | started: 2025-04-22T02:32:48.000Z) [new_game|60812]
2025-04-22 21:50:47|INFO   |overlay.tab_main     : Starting (v1.4.6) (compiled:False) [Windows-11-10.0.26100-SP0] [start|11276]
2025-04-22 21:50:47|INFO   |overlay.tab_main     : New live game (game_id: 176093814 | mode: rm_1v1 | started: 2025-04-22T02:32:48.000Z) [new_game|11276]
2025-04-22 21:53:02|INFO   |overlay.tab_main     : Starting (v1.4.6) (compiled:False) [Windows-11-10.0.26100-SP0] [start|34688]
2025-04-22 21:53:02|INFO   |overlay.tab_main     : New live game (game_id: 176093814 | mode: rm_1v1 | started: 2025-04-22T02:32:48.000Z) [new_game|34688]
2025-04-22 21:59:07|INFO   |overlay.tab_main     : New live game (game_id: 176238221 | mode: rm_1v1 | started: 2025-04-23T01:58:43.000Z) [new_game|34688]
2025-04-22 22:41:16|INFO   |overlay.tab_main     : New live game (game_id: 176241720 | mode: rm_1v1 | started: 2025-04-23T02:40:58.000Z) [new_game|34688]
2025-04-22 23:16:20|INFO   |overlay.tab_main     : New live game (game_id: 176244465 | mode: rm_1v1 | started: 2025-04-23T03:16:00.000Z) [new_game|34688]
2025-04-23 23:30:04|INFO   |overlay.tab_main     : Starting (v1.4.6) (compiled:False) [Windows-11-10.0.26100-SP0] [start|62112]
2025-04-23 23:30:05|INFO   |overlay.tab_main     : New live game (game_id: 176392019 | mode: rm_1v1 | started: 2025-04-24T03:04:50.000Z) [new_game|62112]
2025-04-23 23:33:37|INFO   |overlay.tab_main     : New live game (game_id: 176394211 | mode: rm_1v1 | started: 2025-04-24T03:33:16.000Z) [new_game|62112]
2025-04-24 22:25:36|INFO   |overlay.tab_main     : Starting (v1.4.6) (compiled:False) [Windows-11-10.0.26100-SP0] [start|62100]
2025-04-24 22:25:36|INFO   |overlay.tab_main     : New live game (game_id: 176394211 | mode: rm_1v1 | started: 2025-04-24T03:33:16.000Z) [new_game|62100]
2025-04-24 22:35:41|INFO   |overlay.tab_main     : New live game (game_id: 176540246 | mode: rm_1v1 | started: 2025-04-25T02:35:28.000Z) [new_game|62100]
2025-04-24 23:04:46|INFO   |overlay.tab_build_orders: Upper right corner Y position set to 1027 (to stay inside screen). [__init__|49248]
2025-04-24 23:04:47|INFO   |overlay.tab_main     : Starting (v1.4.6) (compiled:False) [Windows-11-10.0.26100-SP0] [start|49248]
2025-04-24 23:04:48|INFO   |overlay.tab_main     : New live game (game_id: 176540246 | mode: rm_1v1 | started: 2025-04-25T02:35:28.000Z) [new_game|49248]
2025-04-24 23:06:49|INFO   |overlay.tab_main     : New live game (game_id: 176542790 | mode: rm_1v1 | started: 2025-04-25T03:06:35.000Z) [new_game|49248]
2025-04-25 20:28:02|INFO   |overlay.tab_main     : Starting (v1.4.6) (compiled:False) [Windows-11-10.0.26100-SP0] [start|70120]
2025-04-25 20:28:02|INFO   |overlay.tab_main     : New live game (game_id: 176542790 | mode: rm_1v1 | started: 2025-04-25T03:06:35.000Z) [new_game|70120]
2025-04-25 20:37:53|INFO   |overlay.tab_main     : New live game (game_id: 176699090 | mode: rm_1v1 | started: 2025-04-26T00:37:21.000Z) [new_game|70120]
2025-04-25 21:50:23|ERROR  |overlay.api_checking :  [get_data|70132]
Traceback (most recent call last):
  File "C:\Users\arnob\Downloads\Streaming\AoE4_Overlay\src\overlay\api_checking.py", line 163, in get_data
    data = json.loads(resp.text)
           ^^^^^^^^^^^^^^^^^^^^^
  File "C:\Program Files\WindowsApps\PythonSoftwareFoundation.Python.3.12_3.12.2800.0_x64__qbz5n2kfra8p0\Lib\json\__init__.py", line 346, in loads
    return _default_decoder.decode(s)
           ^^^^^^^^^^^^^^^^^^^^^^^^^^
  File "C:\Program Files\WindowsApps\PythonSoftwareFoundation.Python.3.12_3.12.2800.0_x64__qbz5n2kfra8p0\Lib\json\decoder.py", line 338, in decode
    obj, end = self.raw_decode(s, idx=_w(s, 0).end())
               ^^^^^^^^^^^^^^^^^^^^^^^^^^^^^^^^^^^^^^
  File "C:\Program Files\WindowsApps\PythonSoftwareFoundation.Python.3.12_3.12.2800.0_x64__qbz5n2kfra8p0\Lib\json\decoder.py", line 356, in raw_decode
    raise JSONDecodeError("Expecting value", s, err.value) from None
json.decoder.JSONDecodeError: Expecting value: line 1 column 1 (char 0)
2025-04-25 21:50:38|ERROR  |overlay.api_checking :  [get_data|70132]
Traceback (most recent call last):
  File "C:\Users\arnob\Downloads\Streaming\AoE4_Overlay\src\overlay\api_checking.py", line 163, in get_data
    data = json.loads(resp.text)
           ^^^^^^^^^^^^^^^^^^^^^
  File "C:\Program Files\WindowsApps\PythonSoftwareFoundation.Python.3.12_3.12.2800.0_x64__qbz5n2kfra8p0\Lib\json\__init__.py", line 346, in loads
    return _default_decoder.decode(s)
           ^^^^^^^^^^^^^^^^^^^^^^^^^^
  File "C:\Program Files\WindowsApps\PythonSoftwareFoundation.Python.3.12_3.12.2800.0_x64__qbz5n2kfra8p0\Lib\json\decoder.py", line 338, in decode
    obj, end = self.raw_decode(s, idx=_w(s, 0).end())
               ^^^^^^^^^^^^^^^^^^^^^^^^^^^^^^^^^^^^^^
  File "C:\Program Files\WindowsApps\PythonSoftwareFoundation.Python.3.12_3.12.2800.0_x64__qbz5n2kfra8p0\Lib\json\decoder.py", line 356, in raw_decode
    raise JSONDecodeError("Expecting value", s, err.value) from None
json.decoder.JSONDecodeError: Expecting value: line 1 column 1 (char 0)
2025-04-25 21:50:53|ERROR  |overlay.api_checking :  [get_data|70132]
Traceback (most recent call last):
  File "C:\Users\arnob\Downloads\Streaming\AoE4_Overlay\src\overlay\api_checking.py", line 163, in get_data
    data = json.loads(resp.text)
           ^^^^^^^^^^^^^^^^^^^^^
  File "C:\Program Files\WindowsApps\PythonSoftwareFoundation.Python.3.12_3.12.2800.0_x64__qbz5n2kfra8p0\Lib\json\__init__.py", line 346, in loads
    return _default_decoder.decode(s)
           ^^^^^^^^^^^^^^^^^^^^^^^^^^
  File "C:\Program Files\WindowsApps\PythonSoftwareFoundation.Python.3.12_3.12.2800.0_x64__qbz5n2kfra8p0\Lib\json\decoder.py", line 338, in decode
    obj, end = self.raw_decode(s, idx=_w(s, 0).end())
               ^^^^^^^^^^^^^^^^^^^^^^^^^^^^^^^^^^^^^^
  File "C:\Program Files\WindowsApps\PythonSoftwareFoundation.Python.3.12_3.12.2800.0_x64__qbz5n2kfra8p0\Lib\json\decoder.py", line 356, in raw_decode
    raise JSONDecodeError("Expecting value", s, err.value) from None
json.decoder.JSONDecodeError: Expecting value: line 1 column 1 (char 0)
2025-04-25 21:51:08|ERROR  |overlay.api_checking :  [get_data|70132]
Traceback (most recent call last):
  File "C:\Users\arnob\Downloads\Streaming\AoE4_Overlay\src\overlay\api_checking.py", line 163, in get_data
    data = json.loads(resp.text)
           ^^^^^^^^^^^^^^^^^^^^^
  File "C:\Program Files\WindowsApps\PythonSoftwareFoundation.Python.3.12_3.12.2800.0_x64__qbz5n2kfra8p0\Lib\json\__init__.py", line 346, in loads
    return _default_decoder.decode(s)
           ^^^^^^^^^^^^^^^^^^^^^^^^^^
  File "C:\Program Files\WindowsApps\PythonSoftwareFoundation.Python.3.12_3.12.2800.0_x64__qbz5n2kfra8p0\Lib\json\decoder.py", line 338, in decode
    obj, end = self.raw_decode(s, idx=_w(s, 0).end())
               ^^^^^^^^^^^^^^^^^^^^^^^^^^^^^^^^^^^^^^
  File "C:\Program Files\WindowsApps\PythonSoftwareFoundation.Python.3.12_3.12.2800.0_x64__qbz5n2kfra8p0\Lib\json\decoder.py", line 356, in raw_decode
    raise JSONDecodeError("Expecting value", s, err.value) from None
json.decoder.JSONDecodeError: Expecting value: line 1 column 1 (char 0)
2025-04-25 21:51:23|ERROR  |overlay.api_checking :  [get_data|70132]
Traceback (most recent call last):
  File "C:\Users\arnob\Downloads\Streaming\AoE4_Overlay\src\overlay\api_checking.py", line 163, in get_data
    data = json.loads(resp.text)
           ^^^^^^^^^^^^^^^^^^^^^
  File "C:\Program Files\WindowsApps\PythonSoftwareFoundation.Python.3.12_3.12.2800.0_x64__qbz5n2kfra8p0\Lib\json\__init__.py", line 346, in loads
    return _default_decoder.decode(s)
           ^^^^^^^^^^^^^^^^^^^^^^^^^^
  File "C:\Program Files\WindowsApps\PythonSoftwareFoundation.Python.3.12_3.12.2800.0_x64__qbz5n2kfra8p0\Lib\json\decoder.py", line 338, in decode
    obj, end = self.raw_decode(s, idx=_w(s, 0).end())
               ^^^^^^^^^^^^^^^^^^^^^^^^^^^^^^^^^^^^^^
  File "C:\Program Files\WindowsApps\PythonSoftwareFoundation.Python.3.12_3.12.2800.0_x64__qbz5n2kfra8p0\Lib\json\decoder.py", line 356, in raw_decode
    raise JSONDecodeError("Expecting value", s, err.value) from None
json.decoder.JSONDecodeError: Expecting value: line 1 column 1 (char 0)
2025-04-25 21:51:38|ERROR  |overlay.api_checking :  [get_data|70132]
Traceback (most recent call last):
  File "C:\Users\arnob\Downloads\Streaming\AoE4_Overlay\src\overlay\api_checking.py", line 163, in get_data
    data = json.loads(resp.text)
           ^^^^^^^^^^^^^^^^^^^^^
  File "C:\Program Files\WindowsApps\PythonSoftwareFoundation.Python.3.12_3.12.2800.0_x64__qbz5n2kfra8p0\Lib\json\__init__.py", line 346, in loads
    return _default_decoder.decode(s)
           ^^^^^^^^^^^^^^^^^^^^^^^^^^
  File "C:\Program Files\WindowsApps\PythonSoftwareFoundation.Python.3.12_3.12.2800.0_x64__qbz5n2kfra8p0\Lib\json\decoder.py", line 338, in decode
    obj, end = self.raw_decode(s, idx=_w(s, 0).end())
               ^^^^^^^^^^^^^^^^^^^^^^^^^^^^^^^^^^^^^^
  File "C:\Program Files\WindowsApps\PythonSoftwareFoundation.Python.3.12_3.12.2800.0_x64__qbz5n2kfra8p0\Lib\json\decoder.py", line 356, in raw_decode
    raise JSONDecodeError("Expecting value", s, err.value) from None
json.decoder.JSONDecodeError: Expecting value: line 1 column 1 (char 0)
2025-04-25 22:41:15|INFO   |overlay.tab_main     : New live game (game_id: 176712003 | mode: rm_1v1 | started: 2025-04-26T02:40:51.000Z) [new_game|70120]
2025-04-26 22:04:05|INFO   |overlay.tab_main     : Starting (v1.4.6) (compiled:False) [Windows-11-10.0.26100-SP0] [start|25324]
2025-04-26 22:04:06|INFO   |overlay.tab_main     : New live game (game_id: 176712003 | mode: rm_1v1 | started: 2025-04-26T02:40:51.000Z) [new_game|25324]
2025-04-26 22:06:37|INFO   |overlay.tab_main     : New live game (game_id: 176909066 | mode: rm_1v1 | started: 2025-04-27T02:06:10.000Z) [new_game|25324]
2025-04-26 23:50:18|INFO   |overlay.tab_main     : New live game (game_id: 176919604 | mode: rm_1v1 | started: 2025-04-27T03:49:49.000Z) [new_game|25324]
2025-04-27 22:54:58|INFO   |overlay.tab_main     : Starting (v1.4.6) (compiled:False) [Windows-11-10.0.26100-SP0] [start|19632]
2025-04-27 22:54:58|INFO   |overlay.tab_main     : New live game (game_id: 177106556 | mode: rm_1v1 | started: 2025-04-28T02:22:57.000Z) [new_game|19632]
2025-04-27 22:57:15|INFO   |overlay.tab_main     : New live game (game_id: 177109467 | mode: rm_1v1 | started: 2025-04-28T02:57:07.000Z) [new_game|19632]
2025-04-28 21:42:04|INFO   |overlay.tab_main     : Starting (v1.4.6) (compiled:False) [Windows-11-10.0.26100-SP0] [start|36184]
2025-04-28 21:42:05|INFO   |overlay.tab_main     : New live game (game_id: 177254602 | mode: rm_1v1 | started: 2025-04-29T01:19:43.000Z) [new_game|36184]
2025-04-28 21:48:25|INFO   |overlay.tab_main     : Starting (v1.4.6) (compiled:False) [Windows-11-10.0.26100-SP0] [start|9112]
2025-04-28 21:48:26|INFO   |overlay.tab_main     : New live game (game_id: 177254602 | mode: rm_1v1 | started: 2025-04-29T01:19:43.000Z) [new_game|9112]
2025-04-28 22:52:45|INFO   |overlay.tab_main     : New live game (game_id: 177262673 | mode: rm_1v1 | started: 2025-04-29T02:52:29.000Z) [new_game|9112]
2025-04-28 23:19:13|INFO   |overlay.tab_main     : New live game (game_id: 177264816 | mode: rm_1v1 | started: 2025-04-29T03:19:01.000Z) [new_game|9112]
2025-04-29 23:09:54|INFO   |overlay.tab_main     : Starting (v1.4.6) (compiled:False) [Windows-11-10.0.26100-SP0] [start|34956]
2025-04-29 23:09:54|INFO   |overlay.tab_main     : New live game (game_id: 177264816 | mode: rm_1v1 | started: 2025-04-29T03:19:01.000Z) [new_game|34956]
2025-04-29 23:12:26|INFO   |overlay.tab_main     : New live game (game_id: 177417554 | mode: rm_1v1 | started: 2025-04-30T03:11:55.000Z) [new_game|34956]
2025-04-30 22:16:40|INFO   |overlay.tab_main     : Starting (v1.4.6) (compiled:False) [Windows-11-10.0.26100-SP0] [start|41312]
2025-04-30 22:16:40|INFO   |overlay.tab_main     : New live game (game_id: 177417554 | mode: rm_1v1 | started: 2025-04-30T03:11:55.000Z) [new_game|41312]
2025-04-30 23:11:57|INFO   |overlay.tab_main     : New live game (game_id: 177575953 | mode: rm_1v1 | started: 2025-05-01T03:11:22.000Z) [new_game|41312]
2025-04-30 23:37:41|INFO   |overlay.tab_main     : New live game (game_id: 177578420 | mode: rm_1v1 | started: 2025-05-01T03:37:19.000Z) [new_game|41312]
2025-05-01 22:40:00|INFO   |overlay.tab_main     : Starting (v1.4.6) (compiled:False) [Windows-11-10.0.26100-SP0] [start|38740]
2025-05-01 22:40:01|INFO   |overlay.tab_main     : New live game (game_id: 177578420 | mode: rm_1v1 | started: 2025-05-01T03:37:19.000Z) [new_game|38740]
2025-05-01 23:14:49|INFO   |overlay.tab_main     : New live game (game_id: 177755700 | mode: rm_1v1 | started: 2025-05-02T03:14:17.000Z) [new_game|38740]
2025-05-05 23:06:43|INFO   |overlay.tab_main     : Starting (v1.4.6) (compiled:False) [Windows-11-10.0.26100-SP0] [start|16532]
2025-05-05 23:06:44|INFO   |overlay.tab_main     : New live game (game_id: 177755700 | mode: rm_1v1 | started: 2025-05-02T03:14:17.000Z) [new_game|16532]
2025-05-05 23:09:15|INFO   |overlay.tab_main     : New live game (game_id: 178478752 | mode: rm_1v1 | started: 2025-05-06T03:08:48.000Z) [new_game|16532]
2025-05-06 22:22:27|INFO   |overlay.tab_main     : Starting (v1.4.6) (compiled:False) [Windows-11-10.0.26100-SP0] [start|8496]
2025-05-06 22:22:27|INFO   |overlay.tab_main     : New live game (game_id: 178478752 | mode: rm_1v1 | started: 2025-05-06T03:08:48.000Z) [new_game|8496]
